2022-05-06 11:03:26 [scrapy.utils.log] INFO: Scrapy 2.6.1 started (bot: worldometer2)
2022-05-06 11:03:26 [scrapy.utils.log] INFO: Versions: lxml 4.8.0.0, libxml2 2.9.12, cssselect 1.1.0, parsel 1.6.0, w3lib 1.22.0, Twisted 22.4.0, Python 3.8.10 (default, Mar 15 2022, 12:22:08) - [GCC 9.4.0], pyOpenSSL 22.0.0 (OpenSSL 3.0.2 15 Mar 2022), cryptography 37.0.0, Platform Linux-5.13.0-40-generic-x86_64-with-glibc2.29
2022-05-06 11:03:26 [scrapy.crawler] INFO: Overridden settings:
{'BOT_NAME': 'worldometer2',
 'LOG_FILE': 'logs/worldometer2/currencies/264a86eecd2c11ec90f8ab1c523798dd.log',
 'NEWSPIDER_MODULE': 'worldometer2.spiders',
 'ROBOTSTXT_OBEY': True,
 'SPIDER_MODULES': ['worldometer2.spiders']}
2022-05-06 11:03:26 [scrapy.utils.log] DEBUG: Using reactor: twisted.internet.epollreactor.EPollReactor
2022-05-06 11:03:26 [scrapy.extensions.telnet] INFO: Telnet Password: 54438f5e7a56e985
2022-05-06 11:03:26 [scrapy.middleware] INFO: Enabled extensions:
['scrapy.extensions.corestats.CoreStats',
 'scrapy.extensions.telnet.TelnetConsole',
 'scrapy.extensions.memusage.MemoryUsage',
 'scrapy.extensions.logstats.LogStats']
2022-05-06 11:03:26 [scrapy.middleware] INFO: Enabled downloader middlewares:
['scrapy.downloadermiddlewares.robotstxt.RobotsTxtMiddleware',
 'scrapy.downloadermiddlewares.httpauth.HttpAuthMiddleware',
 'scrapy.downloadermiddlewares.downloadtimeout.DownloadTimeoutMiddleware',
 'scrapy.downloadermiddlewares.defaultheaders.DefaultHeadersMiddleware',
 'scrapy.downloadermiddlewares.useragent.UserAgentMiddleware',
 'scrapy.downloadermiddlewares.retry.RetryMiddleware',
 'scrapy.downloadermiddlewares.redirect.MetaRefreshMiddleware',
 'scrapy.downloadermiddlewares.httpcompression.HttpCompressionMiddleware',
 'scrapy.downloadermiddlewares.redirect.RedirectMiddleware',
 'scrapy.downloadermiddlewares.cookies.CookiesMiddleware',
 'scrapy.downloadermiddlewares.httpproxy.HttpProxyMiddleware',
 'scrapy.downloadermiddlewares.stats.DownloaderStats']
2022-05-06 11:03:26 [scrapy.middleware] INFO: Enabled spider middlewares:
['scrapy.spidermiddlewares.httperror.HttpErrorMiddleware',
 'scrapy.spidermiddlewares.offsite.OffsiteMiddleware',
 'scrapy.spidermiddlewares.referer.RefererMiddleware',
 'scrapy.spidermiddlewares.urllength.UrlLengthMiddleware',
 'scrapy.spidermiddlewares.depth.DepthMiddleware',
 'worldometer2.middlewares.Worldometer2SpiderMiddleware']
2022-05-06 11:03:26 [scrapy.middleware] INFO: Enabled item pipelines:
[]
2022-05-06 11:03:26 [scrapy.core.engine] INFO: Spider opened
2022-05-06 11:03:27 [scrapy.extensions.logstats] INFO: Crawled 0 pages (at 0 pages/min), scraped 0 items (at 0 items/min)
2022-05-06 11:03:27 [currencies] INFO: Spider opened: currencies
2022-05-06 11:03:27 [scrapy.extensions.telnet] INFO: Telnet console listening on 127.0.0.1:6024
2022-05-06 11:03:28 [scrapy.core.engine] DEBUG: Crawled (200) <GET https://www.countries-ofthe-world.com/robots.txt> (referer: None)
2022-05-06 11:03:28 [scrapy.core.engine] DEBUG: Crawled (200) <GET https://www.countries-ofthe-world.com/world-currencies.html> (referer: None)
2022-05-06 11:03:29 [scrapy.core.engine] INFO: Closing spider (finished)
2022-05-06 11:03:29 [scrapy.statscollectors] INFO: Dumping Scrapy stats:
{'downloader/request_bytes': 631,
 'downloader/request_count': 2,
 'downloader/request_method_count/GET': 2,
 'downloader/response_bytes': 11455,
 'downloader/response_count': 2,
 'downloader/response_status_count/200': 2,
 'elapsed_time_seconds': 2.355206,
 'finish_reason': 'finished',
 'finish_time': datetime.datetime(2022, 5, 6, 11, 3, 29, 406381),
 'httpcompression/response_bytes': 43220,
 'httpcompression/response_count': 1,
 'log_count/DEBUG': 3,
 'log_count/INFO': 11,
 'memusage/max': 76976128,
 'memusage/startup': 76976128,
 'response_received_count': 2,
 'robotstxt/request_count': 1,
 'robotstxt/response_count': 1,
 'robotstxt/response_status_count/200': 1,
 'scheduler/dequeued': 1,
 'scheduler/dequeued/memory': 1,
 'scheduler/enqueued': 1,
 'scheduler/enqueued/memory': 1,
 'start_time': datetime.datetime(2022, 5, 6, 11, 3, 27, 51175)}
2022-05-06 11:03:29 [scrapy.core.engine] INFO: Spider closed (finished)
